0 verbose cli D:\node。js\node.exe D:\node。js\node_modules\npm\bin\npm-cli.js
1 info using npm@10.9.3
2 info using node@v22.19.0
3 silly config load:file:D:\node。js\node_modules\npm\npmrc
4 silly config load:file:C:\Users\Lenovo\Desktop\bankapp\.npmrc
5 silly config load:file:C:\Users\Lenovo\.npmrc
6 silly config load:file:D:\node。js\node_global\etc\npmrc
7 verbose title npm install terser
8 verbose argv "install" "--save-dev" "terser" "--cache" ".npm-cache" "--prefer-online" "--no-audit" "--no-fund"
9 verbose logfile logs-max:10 dir:C:\Users\Lenovo\Desktop\bankapp\.npm-cache\_logs\2025-11-04T09_22_01_302Z-
10 verbose logfile C:\Users\Lenovo\Desktop\bankapp\.npm-cache\_logs\2025-11-04T09_22_01_302Z-debug-0.log
11 silly logfile done cleaning log files
12 silly packumentCache heap:4345298944 maxSize:1086324736 maxEntrySize:543162368
13 silly idealTree buildDeps
14 silly fetch manifest terser@*
15 silly packumentCache full:https://registry.npmjs.org/terser cache-miss
16 http fetch GET 200 https://registry.npmjs.org/terser 1132ms (cache miss)
17 silly packumentCache full:https://registry.npmjs.org/terser set size:undefined disposed:false
18 silly placeDep ROOT terser@5.44.0 OK for: bank-app@1.0.0 want: *
19 silly fetch manifest @jridgewell/source-map@^0.3.3
20 silly packumentCache full:https://registry.npmjs.org/@jridgewell%2fsource-map cache-miss
21 silly fetch manifest acorn@^8.15.0
22 silly packumentCache full:https://registry.npmjs.org/acorn cache-miss
23 silly fetch manifest commander@^2.20.0
24 silly packumentCache full:https://registry.npmjs.org/commander cache-miss
25 silly fetch manifest source-map-support@~0.5.20
26 silly packumentCache full:https://registry.npmjs.org/source-map-support cache-miss
27 http fetch GET 200 https://registry.npmjs.org/npm 1419ms
28 http fetch GET 200 https://registry.npmjs.org/@jridgewell%2fsource-map 232ms (cache miss)
29 silly packumentCache full:https://registry.npmjs.org/@jridgewell%2fsource-map set size:undefined disposed:false
30 http fetch GET 200 https://registry.npmjs.org/source-map-support 765ms (cache miss)
31 silly packumentCache full:https://registry.npmjs.org/source-map-support set size:undefined disposed:false
32 http fetch GET 200 https://registry.npmjs.org/commander 922ms (cache miss)
33 silly packumentCache full:https://registry.npmjs.org/commander set size:undefined disposed:false
34 http fetch GET 200 https://registry.npmjs.org/acorn 960ms (cache miss)
35 silly packumentCache full:https://registry.npmjs.org/acorn set size:undefined disposed:false
36 silly placeDep ROOT @jridgewell/source-map@0.3.11 OK for: terser@5.44.0 want: ^0.3.3
37 silly placeDep ROOT acorn@8.15.0 OK for: terser@5.44.0 want: ^8.15.0
38 silly placeDep node_modules/terser commander@2.20.3 OK for: terser@5.44.0 want: ^2.20.0
39 silly placeDep ROOT source-map-support@0.5.21 OK for: terser@5.44.0 want: ~0.5.20
40 silly fetch manifest buffer-from@^1.0.0
41 silly packumentCache full:https://registry.npmjs.org/buffer-from cache-miss
42 silly fetch manifest source-map@^0.6.0
43 silly packumentCache full:https://registry.npmjs.org/source-map cache-miss
44 http fetch GET 200 https://registry.npmjs.org/buffer-from 215ms (cache miss)
45 silly packumentCache full:https://registry.npmjs.org/buffer-from set size:undefined disposed:false
46 http fetch GET 200 https://registry.npmjs.org/source-map 224ms (cache miss)
47 silly packumentCache full:https://registry.npmjs.org/source-map set size:undefined disposed:false
48 silly placeDep ROOT buffer-from@1.1.2 OK for: source-map-support@0.5.21 want: ^1.0.0
49 silly placeDep ROOT source-map@0.6.1 OK for: source-map-support@0.5.21 want: ^0.6.0
50 silly reify moves {}
51 http fetch GET 200 https://registry.npmjs.org/buffer-from/-/buffer-from-1.1.2.tgz 227ms (cache miss)
52 http fetch GET 200 https://registry.npmjs.org/commander/-/commander-2.20.3.tgz 234ms (cache miss)
53 http fetch GET 200 https://registry.npmjs.org/@jridgewell/source-map/-/source-map-0.3.11.tgz 248ms (cache miss)
54 http fetch GET 200 https://registry.npmjs.org/acorn/-/acorn-8.15.0.tgz 247ms (cache miss)
55 http fetch GET 200 https://registry.npmjs.org/source-map/-/source-map-0.6.1.tgz 421ms (cache miss)
56 http fetch GET 200 https://registry.npmjs.org/source-map-support/-/source-map-support-0.5.21.tgz 1106ms (cache miss)
57 http fetch GET 200 https://registry.npmjs.org/terser/-/terser-5.44.0.tgz 1350ms (cache miss)
58 silly ADD node_modules/source-map
59 silly ADD node_modules/buffer-from
60 silly ADD node_modules/source-map-support
61 silly ADD node_modules/acorn
62 silly ADD node_modules/@jridgewell/source-map
63 silly ADD node_modules/terser
64 silly ADD node_modules/terser/node_modules/commander
65 verbose cwd C:\Users\Lenovo\Desktop\bankapp
66 verbose os Windows_NT 10.0.26100
67 verbose node v22.19.0
68 verbose npm  v10.9.3
69 notice
69 notice New major version of npm available! 10.9.3 -> 11.6.2
69 notice Changelog: https://github.com/npm/cli/releases/tag/v11.6.2
69 notice To update run: npm install -g npm@11.6.2
69 notice  { force: true, [Symbol(proc-log.meta)]: true }
70 verbose exit 0
71 info ok
